<?xml version="1.0" encoding="UTF-8"?>
<testng-results ignored="0" total="1" passed="1" failed="0" skipped="0">
  <reporter-output>
  </reporter-output>
  <suite started-at="2022-03-25T15:36:07 IST" name="Default suite" finished-at="2022-03-25T15:36:22 IST" duration-ms="14747">
    <groups>
    </groups>
    <test started-at="2022-03-25T15:36:07 IST" name="Default test" finished-at="2022-03-25T15:36:22 IST" duration-ms="14747">
      <class name="Utilities.BaseClass">
        <test-method is-config="true" signature="setUp()[pri:0, instance:Utilities.BaseClass@5a56cdac]" started-at="2022-03-25T15:36:07 IST" name="setUp" finished-at="2022-03-25T15:36:18 IST" duration-ms="10393" status="PASS">
          <reporter-output>
          </reporter-output>
        </test-method> <!-- setUp -->
        <test-method signature="setUp()[pri:0, instance:Utilities.BaseClass@5a56cdac]" started-at="2022-03-25T15:36:18 IST" name="setUp" finished-at="2022-03-25T15:36:22 IST" duration-ms="4313" status="PASS">
          <reporter-output>
          </reporter-output>
        </test-method> <!-- setUp -->
      </class> <!-- Utilities.BaseClass -->
    </test> <!-- Default test -->
  </suite> <!-- Default suite -->
</testng-results>
